      Skeleton      	     bodyID      	 Motion 	  Rate  
S001C001P001R001A024	72057594037931781	0.082263	1.000000
S001C001P001R001A025	72057594037931781	0.071955	1.000000
S001C001P001R001A026	72057594037931781	0.064346	0.951456
S001C001P001R001A027	72057594037931781	0.066993	1.000000
S001C001P001R001A028	72057594037931781	0.070656	0.981481
S001C001P001R001A029	72057594037931781	0.069684	1.000000
S001C001P002R001A031	72057594037932971	0.082215	0.980769
S001C001P002R001A032	72057594037932971	0.085288	0.930233
S001C001P002R001A033	72057594037932971	0.086554	0.800000
S001C001P002R001A034	72057594037932971	0.085916	1.000000
S001C001P002R001A035	72057594037932971	0.089098	1.000000
S001C001P002R001A036	72057594037932971	0.085333	0.990385
S001C001P002R002A018	72057594037935197	0.052390	0.922078
S001C001P002R002A019	72057594037935197	0.049698	0.938462
S001C001P003R001A001	72057594037936103	0.043751	0.838983
S001C001P003R001A031	72057594037936779	0.069408	0.946667
S001C001P003R002A005	72057594037937524	0.052770	1.000000
S001C001P003R002A026	72057594037937632	0.052132	1.000000
S001C001P003R002A027	72057594037937632	0.055716	1.000000
S001C001P006R002A050	72057594037943023	0.038303	0.787234
S001C001P006R002A053	72057594037943023	0.038777	0.737705
S001C001P007R001A013	72057594037944147	0.039258	0.754237
S001C002P001R001A019	72057594037931010	0.089277	0.973684
S001C002P002R001A011	72057594037932515	0.024132	0.834951
S001C002P003R002A056	72057594037935934	0.090557	1.000000
S001C002P003R002A057	72057594037935934	0.099504	1.000000
S001C002P003R002A058	72057594037935934	0.097698	1.000000
S001C002P005R002A002	72057594037938980	0.040537	1.000000
S001C002P005R002A003	72057594037938980	0.034462	1.000000
S001C002P008R001A024	72057594037942445	0.042501	0.839286
S001C002P008R001A025	72057594037942445	0.041942	0.734940
S001C002P008R001A026	72057594037942445	0.040076	0.977011
S001C002P008R001A027	72057594037942445	0.050652	0.965517
S001C002P008R001A028	72057594037942445	0.042272	0.858696
S001C002P008R001A029	72057594037942445	0.042764	0.832061
S001C002P008R001A035	72057594037942450	0.079132	1.000000
S001C002P008R001A036	72057594037942450	0.071183	1.000000
S001C002P008R001A037	72057594037942450	0.064830	1.000000
S001C002P008R001A038	72057594037942450	0.068427	1.000000
S001C002P008R001A039	72057594037942450	0.062425	1.000000
S001C002P008R001A040	72057594037942450	0.065536	1.000000
S001C002P008R001A041	72057594037942450	0.062099	1.000000
S001C002P008R001A042	72057594037942450	0.060717	1.000000
S001C002P008R001A043	72057594037942450	0.072134	1.000000
S001C002P008R001A044	72057594037942450	0.064714	0.984848
S001C002P008R001A045	72057594037942450	0.063197	1.000000
S001C002P008R001A046	72057594037942450	0.060415	1.000000
S001C002P008R001A047	72057594037942450	0.069534	1.000000
S001C002P008R001A048	72057594037942450	0.079364	1.000000
S001C003P001R001A024	72057594037931407	0.054299	1.000000
S001C003P001R001A025	72057594037931407	0.052219	1.000000
S001C003P001R001A026	72057594037931407	0.052359	1.000000
S001C003P001R001A027	72057594037931407	0.052250	1.000000
S001C003P001R001A028	72057594037931407	0.051326	1.000000
S001C003P001R001A029	72057594037931407	0.050353	1.000000
S001C003P002R001A020	72057594037932211	0.084109	0.883333
S001C003P002R001A022	72057594037932211	0.082328	0.785714
S001C003P002R002A013	72057594037934716	0.034928	0.990196
S001C003P003R002A026	72057594037937100	0.039892	0.743902
S001C003P003R002A027	72057594037937100	0.038400	1.000000
S001C003P008R002A021	72057594037944570	0.042869	0.857143
S001C003P008R002A022	72057594037944570	0.036531	0.970588
S001C003P008R002A023	72057594037944570	0.036311	0.847222
S001C003P008R002A024	72057594037944570	0.038539	0.809524
S001C003P008R002A025	72057594037944570	0.044843	0.800000
S001C003P008R002A026	72057594037944570	0.035100	0.736264
S001C003P008R002A027	72057594037944570	0.033755	0.844828
S001C003P008R002A033	72057594037944587	0.055623	0.750000
S002C001P011R002A007	72057594037935246	0.100180	1.000000
S002C003P007R002A016	72057594037941482	0.057807	0.713235
S002C003P007R002A017	72057594037941482	0.058811	0.733333
S002C003P010R002A011	72057594037930785	0.160215	0.992188
S002C003P010R002A012	72057594037930785	0.159101	0.991304
S002C003P010R002A014	72057594037930785	0.101342	0.737705
S002C003P010R002A015	72057594037930785	0.093696	0.994350
S002C003P010R002A016	72057594037930785	0.121418	0.993865
S002C003P010R002A017	72057594037930785	0.106563	0.992754
S002C003P010R002A018	72057594037930785	0.100634	0.987179
S002C003P010R002A019	72057594037930785	0.103077	0.986667
S003C001P002R001A038	72057594037949954	0.081152	0.905660
S003C001P002R001A039	72057594037949954	0.072838	0.983333
S003C001P002R001A040	72057594037949954	0.075325	0.962264
S003C001P002R001A041	72057594037949954	0.074858	0.989247
S003C001P002R001A042	72057594037949954	0.073460	0.978723
S003C001P018R001A039	72057594037938481	0.045605	0.750000
S003C001P018R001A042	72057594037938481	0.048066	1.000000
S003C001P018R001A043	72057594037938481	0.051500	1.000000
S003C001P018R001A044	72057594037938481	0.055186	1.000000
S003C001P018R001A045	72057594037938481	0.054909	1.000000
S003C001P018R001A046	72057594037938481	0.054734	1.000000
S003C001P018R001A047	72057594037938481	0.054628	1.000000
S003C001P018R001A048	72057594037938481	0.048448	1.000000
S003C001P018R001A049	72057594037938481	0.053730	1.000000
S003C001P018R002A010	72057594037939137	0.058913	0.964286
S003C001P018R002A011	72057594037939137	0.057703	1.000000
S003C001P018R002A013	72057594037939137	0.051451	0.986667
S003C001P018R002A016	72057594037939145	0.051573	0.925373
S003C001P018R002A017	72057594037939145	0.051373	0.944954
S003C001P018R002A018	72057594037939145	0.060616	0.891566
S003C001P018R002A019	72057594037939145	0.056651	0.901408
S003C001P018R002A020	72057594037939145	0.056262	0.989247
S003C001P018R002A021	72057594037939145	0.051347	1.000000
S003C001P018R002A022	72057594037939145	0.053692	1.000000
S003C001P018R002A023	72057594037939145	0.054240	0.984848
S003C002P002R001A010	72057594037952517	0.077384	0.819672
S003C002P002R001A014	72057594037952517	0.071161	0.805128
S003C002P002R001A015	72057594037952517	0.069444	0.761905
S003C003P002R002A010	72057594037948249	0.069097	0.837209
S003C003P002R002A011	72057594037948249	0.062890	0.837838
S003C003P002R002A012	72057594037948249	0.062889	0.933962
S003C003P002R002A013	72057594037948249	0.063527	0.922078
S003C003P002R002A014	72057594037948249	0.059765	0.954198
S003C003P002R002A015	72057594037948249	0.060885	0.840909
S003C003P002R002A020	72057594037948250	0.044657	0.914286
S003C003P002R002A021	72057594037948250	0.045782	0.867647
S003C003P002R002A022	72057594037948250	0.044501	0.875000
S003C003P002R002A023	72057594037948250	0.045684	0.827586
S003C003P002R002A024	72057594037948250	0.045980	0.843750
S003C003P002R002A025	72057594037948250	0.048514	0.975000
S003C003P002R002A026	72057594037948250	0.049917	0.858824
S003C003P002R002A027	72057594037948250	0.047575	0.774194
S003C003P002R002A028	72057594037948250	0.046225	0.782609
S003C003P002R002A029	72057594037948250	0.046002	0.951456
S003C003P002R002A031	72057594037948307	0.043629	1.000000
S003C003P002R002A032	72057594037948307	0.038836	1.000000
S003C003P002R002A033	72057594037948307	0.044180	1.000000
S003C003P002R002A034	72057594037948307	0.041592	0.981132
S003C003P002R002A035	72057594037948307	0.040834	0.948276
S003C003P002R002A036	72057594037948307	0.041102	1.000000
S003C003P002R002A037	72057594037948307	0.039468	0.969697
S003C003P002R002A038	72057594037948307	0.044045	1.000000
S003C003P002R002A039	72057594037948307	0.044264	0.953488
S003C003P002R002A040	72057594037948307	0.041157	0.982143
S003C003P002R002A041	72057594037948307	0.040379	0.955882
S003C003P002R002A042	72057594037948307	0.039661	0.989130
S003C003P002R002A043	72057594037948307	0.039636	0.938462
S003C003P002R002A044	72057594037948307	0.041650	1.000000
S003C003P002R002A045	72057594037948307	0.040072	0.972222
S003C003P002R002A046	72057594037948307	0.040121	0.945946
S003C003P002R002A047	72057594037948307	0.039353	0.959459
S003C003P002R002A048	72057594037948307	0.038979	0.985915
S003C003P002R002A049	72057594037948307	0.041848	0.906250
S003C003P008R002A012	72057594037950621	0.063150	0.803571
S003C003P008R002A016	72057594037950621	0.063265	1.000000
S003C003P008R002A017	72057594037950621	0.057664	1.000000
S003C003P008R002A018	72057594037950621	0.061678	0.988889
S003C003P008R002A019	72057594037950621	0.068473	0.936170
S003C003P008R002A020	72057594037950621	0.064845	0.902174
S003C003P008R002A021	72057594037950621	0.068839	0.945205
S003C003P008R002A022	72057594037950621	0.066196	0.987500
S003C003P008R002A023	72057594037950621	0.069083	1.000000
S003C003P008R002A024	72057594037950621	0.070403	1.000000
S003C003P008R002A025	72057594037950621	0.067028	1.000000
S003C003P008R002A026	72057594037950621	0.064861	1.000000
S003C003P008R002A027	72057594037950621	0.072332	1.000000
S003C003P008R002A028	72057594037950621	0.066052	1.000000
S003C003P008R002A029	72057594037950621	0.057604	0.983740
S003C003P008R002A030	72057594037950621	0.060801	1.000000
S003C003P008R002A031	72057594037950621	0.063469	1.000000
S003C003P008R002A032	72057594037950621	0.063038	1.000000
S003C003P008R002A033	72057594037950621	0.065683	0.955882
S003C003P008R002A034	72057594037950621	0.067396	0.967742
S003C003P008R002A035	72057594037950621	0.065461	0.962963
S003C003P008R002A036	72057594037950621	0.059730	0.965909
S003C003P008R002A037	72057594037950621	0.064616	0.986111
S003C003P008R002A038	72057594037950621	0.062088	0.942857
S003C003P008R002A039	72057594037950621	0.057317	0.988235
S003C003P008R002A040	72057594037950621	0.063663	0.936508
S003C003P008R002A041	72057594037950621	0.060073	0.946237
S004C001P003R001A035	72057594037933431	0.042899	0.826087
S004C001P007R002A024	72057594037930164	0.041982	0.800000
S004C001P007R002A025	72057594037930164	0.042337	0.775000
S004C001P007R002A026	72057594037930164	0.041480	0.857143
S004C001P008R002A010	72057594037930720	0.045298	0.965909
S004C001P008R002A011	72057594037930720	0.042981	0.881119
S004C001P008R002A012	72057594037930720	0.042318	0.947826
S004C001P020R001A031	72057594037931815	0.037852	0.830986
S004C001P020R001A032	72057594037931815	0.037449	0.743056
S004C001P020R001A033	72057594037931815	0.037502	0.775000
S004C001P020R001A034	72057594037931815	0.037697	0.933333
S004C001P020R001A035	72057594037931815	0.038826	0.925000
S004C002P008R002A010	72057594037931506	0.040575	0.965909
S004C002P008R002A012	72057594037931506	0.039632	0.904348
S004C002P008R002A013	72057594037931506	0.040342	0.814433
S004C003P003R001A038	72057594037931618	0.038524	0.780822
S004C003P003R001A039	72057594037931618	0.036348	0.924528
S004C003P003R001A040	72057594037931618	0.042372	0.716981
S004C003P003R001A041	72057594037931618	0.042482	0.784615
S004C003P003R001A044	72057594037931618	0.034223	0.809524
S004C003P003R001A046	72057594037931618	0.037199	0.725000
S004C003P003R001A047	72057594037931618	0.030946	0.757895
S004C003P003R001A048	72057594037931618	0.033937	0.950000
S004C003P003R001A049	72057594037931618	0.028111	0.937500
S004C003P008R002A014	72057594037929551	0.073956	1.000000
S004C003P008R002A015	72057594037929551	0.072964	1.000000
S004C003P008R002A016	72057594037929551	0.073689	1.000000
S004C003P008R002A017	72057594037929551	0.074595	1.000000
S004C003P008R002A018	72057594037929551	0.070324	1.000000
S004C003P008R002A019	72057594037929551	0.082572	1.000000
S004C003P008R002A020	72057594037929551	0.080874	1.000000
S004C003P008R002A021	72057594037929551	0.075831	1.000000
S004C003P008R002A022	72057594037929551	0.071865	1.000000
S004C003P008R002A023	72057594037929551	0.069699	1.000000
S004C003P008R002A024	72057594037929551	0.073470	1.000000
S004C003P008R002A025	72057594037929551	0.070232	1.000000
S004C003P008R002A026	72057594037929551	0.077185	1.000000
S004C003P008R002A027	72057594037929551	0.079528	1.000000
S004C003P008R002A028	72057594037929551	0.077680	1.000000
S004C003P008R002A029	72057594037929551	0.078087	1.000000
S004C003P008R002A030	72057594037929551	0.076402	1.000000
S004C003P008R002A031	72057594037929551	0.066286	1.000000
S004C003P008R002A032	72057594037929551	0.078596	1.000000
S004C003P008R002A033	72057594037929551	0.080206	1.000000
S004C003P008R002A034	72057594037929551	0.070010	1.000000
S004C003P008R002A035	72057594037929551	0.079583	1.000000
S004C003P008R002A036	72057594037929551	0.076080	1.000000
S004C003P008R002A037	72057594037929551	0.076291	1.000000
S004C003P008R002A038	72057594037929551	0.072467	1.000000
S004C003P008R002A039	72057594037929551	0.072765	1.000000
S004C003P008R002A040	72057594037929551	0.070682	1.000000
S004C003P008R002A041	72057594037929551	0.067755	1.000000
S004C003P008R002A042	72057594037929551	0.067603	1.000000
S004C003P008R002A043	72057594037929551	0.068643	1.000000
S004C003P008R002A044	72057594037929551	0.072363	1.000000
S004C003P008R002A045	72057594037929551	0.072574	1.000000
S004C003P008R002A046	72057594037929551	0.071545	1.000000
S004C003P008R002A047	72057594037929551	0.073298	1.000000
S004C003P008R002A048	72057594037929551	0.067689	1.000000
S004C003P008R002A049	72057594037929551	0.069535	1.000000
S004C003P020R001A001	72057594037929551	0.069597	1.000000
S004C003P020R001A002	72057594037929551	0.073512	1.000000
S004C003P020R001A003	72057594037929551	0.072460	1.000000
S004C003P020R001A004	72057594037929551	0.071323	1.000000
S004C003P020R001A005	72057594037929551	0.072371	1.000000
S004C003P020R001A006	72057594037929551	0.067370	1.000000
S004C003P020R001A007	72057594037929551	0.075106	1.000000
S005C001P021R002A050	72057594037931606	0.071019	1.000000
S005C001P021R002A051	72057594037931606	0.077696	1.000000
S005C001P021R002A052	72057594037931606	0.076897	1.000000
S005C001P021R002A053	72057594037931606	0.103454	1.000000
S005C001P021R002A054	72057594037931606	0.077177	1.000000
S005C001P021R002A055	72057594037931606	0.073658	1.000000
S005C002P016R001A008	72057594037936020	0.094669	1.000000
S006C002P016R001A014	72057594037944587	0.145872	0.840000
S006C002P016R001A015	72057594037944587	0.144545	0.911765
S006C002P016R001A016	72057594037944587	0.140525	0.975610
S006C002P016R001A017	72057594037944587	0.141523	1.000000
S006C002P016R001A056	72057594037945397	0.091545	1.000000
S006C002P016R001A057	72057594037945397	0.110668	0.894737
S006C003P017R002A059	72057594037946333	0.069002	1.000000
S006C003P017R002A060	72057594037946333	0.051471	1.000000
S007C001P007R002A016	72057594037932120	0.042254	0.716216
S007C001P007R002A024	72057594037932153	0.163720	0.854839
S007C001P008R001A020	72057594037944797	0.067284	0.837209
S007C001P008R001A021	72057594037944797	0.062507	0.969697
S007C001P008R001A022	72057594037944797	0.064862	0.974359
S007C001P008R001A023	72057594037944797	0.063115	1.000000
S007C001P008R001A024	72057594037944797	0.065241	1.000000
S007C001P008R001A025	72057594037944797	0.065145	0.988235
S007C001P008R001A026	72057594037944797	0.065268	0.890244
S007C001P008R001A027	72057594037944797	0.064225	1.000000
S007C001P008R001A028	72057594037944797	0.064294	0.990566
S007C001P008R001A029	72057594037944797	0.063976	0.986928
S007C001P008R001A030	72057594037944797	0.064208	0.928571
S007C001P008R001A031	72057594037944797	0.065781	0.949153
S007C001P008R001A032	72057594037944797	0.064612	0.930435
S007C001P008R001A033	72057594037944797	0.068384	0.903614
S007C001P015R002A024	72057594037956585	0.045503	0.842105
S007C001P015R002A025	72057594037956585	0.046214	0.885714
S007C001P015R002A026	72057594037956585	0.044899	0.758242
S007C001P015R002A028	72057594037956585	0.043426	0.782609
S007C001P017R001A007	72057594037954845	0.053884	0.893333
S007C001P018R001A059	72057594037936725	0.063930	1.000000
S007C001P018R001A060	72057594037936725	0.069149	1.000000
S007C001P018R002A051	72057594037936725	0.059713	1.000000
S007C001P018R002A052	72057594037936725	0.060458	1.000000
S007C001P018R002A053	72057594037936725	0.059752	1.000000
S007C001P018R002A054	72057594037936725	0.059770	1.000000
S007C001P018R002A055	72057594037936725	0.059439	1.000000
S007C001P018R002A056	72057594037936725	0.058804	1.000000
S007C001P018R002A057	72057594037936725	0.060054	1.000000
S007C001P018R002A058	72057594037936725	0.060702	1.000000
S007C002P007R001A010	72057594037936661	0.054866	0.931818
S007C002P007R001A011	72057594037936661	0.058852	0.978417
S007C002P007R001A012	72057594037936661	0.058906	0.953488
S007C002P007R002A016	72057594037936918	0.067083	1.000000
S007C002P007R002A017	72057594037936918	0.072744	0.936842
S007C002P007R002A018	72057594037936918	0.055032	0.870968
S007C002P007R002A019	72057594037936918	0.064116	0.840336
S007C002P008R001A039	72057594037958314	0.063731	1.000000
S007C002P008R001A040	72057594037958314	0.066548	0.859375
S007C002P008R001A041	72057594037958314	0.076834	1.000000
S007C002P008R001A042	72057594037958314	0.075783	1.000000
S007C002P008R001A043	72057594037958314	0.073532	1.000000
S007C002P008R001A044	72057594037958314	0.071917	1.000000
S007C002P008R001A045	72057594037958314	0.072593	1.000000
S007C002P008R001A046	72057594037958314	0.074911	0.978022
S007C002P008R001A047	72057594037958314	0.075088	1.000000
S007C002P008R001A048	72057594037958314	0.073511	1.000000
S007C002P008R002A003	72057594037958314	0.057150	0.731707
S007C002P008R002A007	72057594037958314	0.056315	0.813559
S007C002P017R002A050	72057594037968704	0.056330	0.967742
S007C002P017R002A051	72057594037968704	0.060941	1.000000
S007C002P017R002A052	72057594037968704	0.051944	0.966667
S007C002P017R002A053	72057594037968704	0.045606	1.000000
S007C002P017R002A054	72057594037968704	0.055382	0.979167
S007C002P017R002A055	72057594037968704	0.047054	1.000000
S007C002P017R002A056	72057594037968704	0.050643	0.952381
S007C002P017R002A057	72057594037968704	0.055201	1.000000
S007C002P017R002A058	72057594037968704	0.050589	0.984375
S007C002P017R002A059	72057594037968704	0.045443	0.965116
S007C002P017R002A060	72057594037968704	0.038369	0.987654
S007C002P018R001A042	72057594037945761	0.038745	0.934066
S007C002P018R001A043	72057594037945761	0.040684	1.000000
S007C002P018R001A045	72057594037945761	0.038683	0.959459
S007C002P018R001A046	72057594037945761	0.038236	0.770270
S007C002P018R001A047	72057594037945761	0.038687	0.840909
S007C002P018R001A048	72057594037945761	0.041360	0.924242
S007C002P018R002A008	72057594037945922	0.030946	0.944444
S007C002P018R002A044	72057594037945929	0.048408	0.767857
S007C002P018R002A045	72057594037945929	0.049783	0.758621
S007C002P018R002A046	72057594037945929	0.053116	0.700000
S007C002P018R002A049	72057594037945929	0.050439	0.776316
S007C002P025R001A023	72057594037940682	0.056902	1.000000
S007C002P025R001A024	72057594037940682	0.053763	0.948276
S007C002P025R001A025	72057594037940682	0.056891	0.984375
S007C002P025R001A026	72057594037940682	0.055693	1.000000
S007C002P025R001A027	72057594037940682	0.053671	1.000000
S007C002P025R001A028	72057594037940682	0.054175	1.000000
S007C002P025R001A029	72057594037940682	0.054158	1.000000
S007C002P025R001A042	72057594037940682	0.105925	0.746988
S007C002P025R002A017	72057594037941043	0.055930	0.932836
S007C002P025R002A018	72057594037941043	0.054593	1.000000
S007C002P025R002A019	72057594037941043	0.056061	0.973684
S007C002P025R002A020	72057594037941043	0.054070	0.960396
S007C002P025R002A021	72057594037941043	0.054436	0.926471
S007C002P025R002A022	72057594037941043	0.054984	0.890625
S007C002P025R002A023	72057594037941043	0.053937	0.944444
S007C002P025R002A024	72057594037941043	0.051103	0.942857
S007C002P025R002A025	72057594037941043	0.052870	0.989583
S007C002P025R002A026	72057594037941043	0.053198	0.846154
S007C002P025R002A027	72057594037941043	0.053209	0.929825
S007C002P025R002A028	72057594037941043	0.048565	0.927083
S007C002P025R002A029	72057594037941043	0.042111	0.894118
S008C001P015R001A011	72057594037934057	0.128836	1.000000
S008C002P001R001A001	72057594037934343	0.096574	1.000000
S008C002P001R001A002	72057594037934343	0.091595	1.000000
S008C002P001R001A003	72057594037934343	0.097092	0.989011
S008C002P001R001A004	72057594037934343	0.091778	1.000000
S008C002P001R001A005	72057594037934343	0.090432	1.000000
S008C002P001R001A006	72057594037934343	0.100763	1.000000
S008C002P001R001A007	72057594037934343	0.092832	1.000000
S008C002P001R001A008	72057594037934343	0.081478	1.000000
S008C002P030R001A050	72057594037936663	0.098994	0.875000
S008C002P030R001A051	72057594037936663	0.104530	0.779661
S008C002P030R001A053	72057594037936663	0.103657	0.868852
S008C002P030R001A054	72057594037936663	0.104384	0.975610
S008C002P030R001A057	72057594037936663	0.101830	0.725000
S008C003P031R002A050	72057594037942336	0.077627	1.000000
S008C003P031R002A051	72057594037942336	0.078192	1.000000
S008C003P031R002A052	72057594037942336	0.072466	1.000000
S008C003P031R002A053	72057594037942336	0.069588	1.000000
S008C003P031R002A054	72057594037942336	0.076060	1.000000
S008C003P031R002A055	72057594037942336	0.079849	1.000000
S009C003P007R001A056	72057594037932721	0.191953	1.000000
S009C003P007R001A057	72057594037932721	0.133232	1.000000
S009C003P007R001A058	72057594037932721	0.136411	1.000000
S009C003P007R001A059	72057594037932721	0.135398	1.000000
S009C003P007R001A060	72057594037932721	0.144949	1.000000
S009C003P007R002A050	72057594037932721	0.144189	1.000000
S009C003P007R002A051	72057594037932721	0.137708	1.000000
S009C003P007R002A052	72057594037932721	0.138010	1.000000
S009C003P007R002A053	72057594037932721	0.145967	1.000000
S009C003P007R002A054	72057594037932721	0.116763	1.000000
S009C003P007R002A055	72057594037932721	0.117138	1.000000
S009C003P007R002A056	72057594037932721	0.123267	1.000000
S009C003P007R002A057	72057594037932721	0.097398	1.000000
S009C003P007R002A058	72057594037932721	0.131657	1.000000
S009C003P007R002A059	72057594037932721	0.118172	1.000000
S009C003P007R002A060	72057594037932721	0.143581	1.000000
S009C003P019R002A057	72057594037932167	0.120668	1.000000
S009C003P019R002A058	72057594037932167	0.165095	1.000000
S009C003P019R002A059	72057594037932167	0.131096	1.000000
S009C003P019R002A060	72057594037932167	0.146078	1.000000
S010C001P018R001A042	72057594037936987	0.045724	1.000000
S010C001P018R001A043	72057594037936987	0.044625	1.000000
S010C001P018R001A044	72057594037936987	0.045112	1.000000
S010C001P018R001A045	72057594037936987	0.048271	1.000000
S010C001P018R001A046	72057594037936987	0.048202	1.000000
S010C001P018R001A047	72057594037936987	0.047551	1.000000
S010C001P018R001A048	72057594037936987	0.047848	1.000000
S010C001P018R001A049	72057594037936987	0.048162	1.000000
S010C001P018R002A001	72057594037936987	0.048840	1.000000
S010C001P018R002A003	72057594037937060	0.044981	1.000000
S010C001P018R002A004	72057594037937060	0.045564	1.000000
S010C001P018R002A005	72057594037937060	0.046124	1.000000
S010C001P018R002A006	72057594037937060	0.046072	1.000000
S010C001P018R002A007	72057594037937060	0.047300	1.000000
S010C001P018R002A024	72057594037937100	0.044870	1.000000
S010C001P018R002A025	72057594037937100	0.046540	0.942529
S010C001P018R002A026	72057594037937100	0.041808	0.986842
S010C001P018R002A027	72057594037937100	0.042510	0.983333
S010C001P018R002A028	72057594037937100	0.042948	1.000000
S010C001P018R002A029	72057594037937100	0.044148	0.976562
S010C001P018R002A030	72057594037937100	0.045659	0.904459
S010C001P018R002A031	72057594037937100	0.044633	0.988636
S010C001P018R002A032	72057594037937100	0.042822	0.988372
S010C001P018R002A033	72057594037937100	0.042073	0.975904
S010C001P018R002A034	72057594037937100	0.042361	0.936709
S010C001P018R002A035	72057594037937100	0.042764	1.000000
S010C001P018R002A036	72057594037937100	0.041790	1.000000
S010C001P018R002A037	72057594037937100	0.046365	0.992366
S010C001P018R002A038	72057594037937100	0.043437	0.983607
S010C001P018R002A039	72057594037937100	0.043754	1.000000
S010C001P018R002A040	72057594037937100	0.044138	0.978261
S010C001P018R002A041	72057594037937100	0.039213	1.000000
S010C001P018R002A042	72057594037937100	0.045984	0.978723
S010C001P018R002A043	72057594037937100	0.036780	0.950820
S010C001P018R002A044	72057594037937100	0.041627	0.742857
S010C001P018R002A045	72057594037937100	0.041074	0.914634
S010C001P018R002A047	72057594037937100	0.041126	0.769231
S010C002P018R001A042	72057594037937419	0.041746	1.000000
S010C002P018R001A043	72057594037937419	0.041930	0.918033
S010C002P018R001A044	72057594037937419	0.041377	0.946429
S010C002P018R001A045	72057594037937419	0.041637	0.969231
S010C002P018R001A046	72057594037937419	0.041045	0.979167
S010C002P018R001A047	72057594037937419	0.041735	1.000000
S010C002P018R001A048	72057594037937419	0.041265	1.000000
S010C002P018R001A049	72057594037937419	0.045023	1.000000
S010C002P018R002A001	72057594037937419	0.041249	0.991870
S010C002P018R002A025	72057594037937665	0.067445	1.000000
S010C002P018R002A026	72057594037937665	0.061102	0.710526
S010C002P018R002A027	72057594037937665	0.061528	1.000000
S010C002P018R002A028	72057594037937665	0.061163	1.000000
S010C002P018R002A029	72057594037937665	0.058870	1.000000
S010C002P018R002A030	72057594037937665	0.060946	0.987261
S010C002P018R002A031	72057594037937665	0.060384	0.965909
S010C002P018R002A032	72057594037937665	0.045414	0.860465
S010C002P018R002A033	72057594037937665	0.050244	0.976190
S010C002P018R002A034	72057594037937665	0.052695	0.987179
S010C002P018R002A035	72057594037937665	0.062181	1.000000
S010C002P018R002A036	72057594037937665	0.063405	1.000000
S010C002P018R002A037	72057594037937665	0.064849	1.000000
S010C002P018R002A038	72057594037937665	0.055287	1.000000
S010C002P018R002A039	72057594037937665	0.056222	1.000000
S010C002P018R002A040	72057594037937665	0.070865	1.000000
S010C002P018R002A041	72057594037937665	0.055122	1.000000
S010C002P018R002A043	72057594037937665	0.057603	0.935484
S010C002P018R002A044	72057594037937665	0.062289	1.000000
S010C002P018R002A045	72057594037937665	0.065372	1.000000
S010C002P018R002A046	72057594037937665	0.063070	1.000000
S010C002P018R002A047	72057594037937665	0.058436	1.000000
S010C002P018R002A048	72057594037937665	0.061110	1.000000
S010C002P018R002A049	72057594037937665	0.059592	1.000000
S010C003P007R002A037	72057594037933836	0.053972	1.000000
S010C003P007R002A042	72057594037933836	0.096200	0.938776
S010C003P007R002A044	72057594037933836	0.085967	0.803922
S010C003P007R002A045	72057594037933836	0.094068	0.972222
S010C003P007R002A046	72057594037933836	0.091333	0.990909
S010C003P007R002A047	72057594037933836	0.094709	0.922330
S010C003P007R002A048	72057594037933836	0.093739	0.968085
S010C003P007R002A049	72057594037933836	0.093022	0.988636
S010C003P018R001A001	72057594037933836	0.081703	0.789474
S010C003P018R001A002	72057594037933836	0.090024	0.897260
S010C003P018R001A003	72057594037933836	0.089864	0.944000
S010C003P018R001A004	72057594037933836	0.085418	0.866667
S010C003P018R001A005	72057594037933836	0.088051	0.956989
S010C003P018R001A006	72057594037933836	0.086965	0.931818
S010C003P018R001A007	72057594037933836	0.083427	0.900000
S010C003P018R001A042	72057594037934307	0.066258	0.950617
S010C003P018R001A043	72057594037934307	0.051725	1.000000
S010C003P018R001A044	72057594037934307	0.049450	1.000000
S010C003P018R001A045	72057594037934307	0.056562	0.800000
S010C003P018R001A046	72057594037934307	0.057891	0.958333
S010C003P018R001A047	72057594037934307	0.054614	1.000000
S010C003P018R001A049	72057594037934307	0.046303	1.000000
S010C003P018R002A001	72057594037934307	0.053083	1.000000
S010C003P018R002A004	72057594037934476	0.047350	0.808511
S010C003P018R002A008	72057594037934499	0.050640	1.000000
S010C003P018R002A009	72057594037934499	0.042977	1.000000
S010C003P018R002A012	72057594037934499	0.035825	0.869281
S010C003P018R002A025	72057594037934548	0.036499	0.712644
S010C003P018R002A026	72057594037934548	0.032623	1.000000
S010C003P018R002A027	72057594037934548	0.035643	0.883333
S010C003P018R002A028	72057594037934548	0.033413	1.000000
S010C003P018R002A029	72057594037934548	0.034798	0.992188
S010C003P018R002A030	72057594037934548	0.032521	0.993631
S010C003P018R002A031	72057594037934548	0.032260	0.955056
S010C003P018R002A032	72057594037934548	0.032851	1.000000
S010C003P018R002A033	72057594037934548	0.034209	0.869048
S010C003P018R002A034	72057594037934548	0.032015	1.000000
S010C003P018R002A035	72057594037934548	0.039657	0.780822
S010C003P018R002A038	72057594037934548	0.038408	0.819672
S010C003P018R002A040	72057594037934548	0.031639	0.782609
S011C001P002R001A052	72057594037951149	0.052954	0.931034
S011C001P002R001A053	72057594037951149	0.051235	0.864865
S011C001P002R001A056	72057594037951149	0.056577	0.789474
S011C001P002R001A057	72057594037951149	0.059513	0.698630
S011C001P002R002A043	72057594037951103	0.238737	0.711538
S011C001P016R001A059	72057594037949250	0.055518	0.731707
S011C001P018R001A024	72057594037934969	0.065117	1.000000
S011C001P018R001A025	72057594037934969	0.065320	1.000000
S011C001P018R001A026	72057594037934969	0.066075	1.000000
S011C001P018R001A027	72057594037934969	0.064648	1.000000
S011C001P018R001A028	72057594037934969	0.059142	1.000000
S011C001P018R001A029	72057594037934969	0.064006	1.000000
S011C001P018R001A030	72057594037934969	0.059466	1.000000
S011C001P018R001A031	72057594037934969	0.065810	1.000000
S011C001P018R001A032	72057594037934969	0.059026	1.000000
S011C001P018R001A033	72057594037934969	0.064091	1.000000
S011C001P018R001A034	72057594037934969	0.065550	1.000000
S011C001P018R001A035	72057594037934969	0.060931	1.000000
S011C001P018R001A036	72057594037934969	0.059912	1.000000
S011C001P018R001A037	72057594037934969	0.067809	1.000000
S011C001P018R001A038	72057594037934969	0.063891	1.000000
S011C001P018R001A039	72057594037934969	0.058112	1.000000
S011C001P018R001A040	72057594037934969	0.064021	1.000000
S011C001P018R001A041	72057594037934969	0.059778	1.000000
S011C001P018R001A042	72057594037934969	0.059455	1.000000
S011C001P018R001A043	72057594037934969	0.057387	1.000000
S011C001P018R001A044	72057594037934969	0.055856	1.000000
S011C001P018R001A045	72057594037934969	0.058677	1.000000
S011C001P018R001A046	72057594037934969	0.058360	1.000000
S011C001P018R001A047	72057594037934969	0.067856	1.000000
S011C001P018R001A048	72057594037934969	0.059776	1.000000
S011C001P018R001A049	72057594037934969	0.060746	1.000000
S011C001P027R001A005	72057594037931499	0.040322	0.804124
S011C001P027R001A009	72057594037931499	0.042697	0.767123
S011C001P027R001A018	72057594037931499	0.038055	0.922330
S011C001P027R001A021	72057594037931499	0.036411	0.916667
S011C001P027R001A024	72057594037931499	0.040270	0.938462
S011C001P027R001A031	72057594037931499	0.038578	0.824561
S011C001P027R001A032	72057594037931499	0.037212	0.860656
S011C001P027R001A034	72057594037931499	0.036184	0.888889
S011C001P027R001A035	72057594037931499	0.041146	0.811594
S011C001P027R001A041	72057594037931499	0.043439	0.963636
S011C001P027R001A046	72057594037931499	0.039408	0.902439
S011C001P027R001A047	72057594037931499	0.041920	0.701923
S011C002P018R001A024	72057594037933650	0.048618	0.758621
S011C002P018R001A027	72057594037933650	0.051175	0.903226
S011C002P018R001A028	72057594037933650	0.051379	0.883495
S011C002P018R001A033	72057594037933650	0.045967	0.954023
S011C002P018R001A035	72057594037933650	0.049820	0.887500
S011C002P018R001A036	72057594037933650	0.052681	0.885246
S011C002P018R001A037	72057594037933650	0.046985	0.808824
S011C002P018R001A038	72057594037933650	0.053856	0.846154
S011C002P018R001A039	72057594037933650	0.056534	0.810345
S011C002P018R001A041	72057594037933650	0.055083	0.785714
S011C002P018R001A042	72057594037933650	0.060158	0.762376
S011C002P018R001A043	72057594037933650	0.057295	0.781818
S011C002P018R001A045	72057594037933650	0.048123	0.863636
S011C002P018R001A046	72057594037933650	0.048045	0.842105
S011C002P018R001A047	72057594037933650	0.044403	0.860759
S011C002P018R001A049	72057594037933650	0.050975	0.909091
S011C003P002R001A007	72057594037944223	1.322573	0.714286
S011C003P002R001A012	72057594037944259	2.544621	0.778571
S011C003P008R002A011	72057594037944977	0.072018	0.770701
S011C003P008R002A044	72057594037945242	0.054913	0.985507
S011C003P008R002A045	72057594037945242	0.047355	0.923913
S011C003P008R002A046	72057594037945242	0.054114	0.990654
S011C003P008R002A047	72057594037945242	0.056973	0.933333
S011C003P008R002A048	72057594037945242	0.056482	0.991597
S011C003P008R002A049	72057594037945242	0.047396	1.000000
S011C003P018R002A001	72057594037932860	0.546402	0.960000
S011C003P018R002A002	72057594037932860	1.515767	0.978261
S011C003P018R002A003	72057594037932860	0.485967	1.000000
S012C002P015R001A011	72057594037934248	0.091716	0.949580
S012C002P015R001A050	72057594037934355	0.096134	1.000000
S012C002P015R001A051	72057594037934355	0.092162	1.000000
S012C002P015R001A052	72057594037934355	0.092929	1.000000
S012C002P015R001A053	72057594037934355	0.091852	1.000000
S012C002P015R001A054	72057594037934355	0.096113	0.976744
S012C002P015R001A056	72057594037934355	0.096101	0.986667
S012C002P015R001A057	72057594037934355	0.094222	1.000000
S012C002P015R001A058	72057594037934355	0.095944	1.000000
S012C002P017R001A051	72057594037934007	0.056919	0.777778
S012C002P017R002A010	72057594037933878	0.087195	1.000000
S012C003P008R002A007	72057594037933719	0.080519	1.000000
S012C003P008R002A008	72057594037933719	0.083210	0.934783
S012C003P015R002A043	72057594037935403	0.056758	1.000000
S012C003P015R002A044	72057594037935403	0.046879	1.000000
S012C003P015R002A045	72057594037935403	0.045984	1.000000
S012C003P015R002A046	72057594037935403	0.045553	1.000000
S012C003P015R002A047	72057594037935403	0.047030	1.000000
S012C003P015R002A048	72057594037935403	0.046088	1.000000
S012C003P015R002A049	72057594037935403	0.048654	1.000000
S012C003P015R002A050	72057594037935403	0.044863	1.000000
S012C003P015R002A051	72057594037935403	0.045037	1.000000
S012C003P015R002A052	72057594037935403	0.049045	1.000000
S012C003P015R002A053	72057594037935403	0.049104	1.000000
S012C003P015R002A054	72057594037935403	0.048742	1.000000
S012C003P015R002A056	72057594037935403	0.045526	1.000000
S012C003P015R002A057	72057594037935403	0.044738	1.000000
S012C003P015R002A058	72057594037935403	0.048661	1.000000
S012C003P015R002A059	72057594037935403	0.055718	0.890909
S012C003P015R002A060	72057594037935403	0.051702	0.925926
S012C003P027R002A008	72057594037929181	0.076889	1.000000
S012C003P037R001A010	72057594037931945	0.058822	0.985075
S012C003P037R001A011	72057594037931945	0.050665	1.000000
S013C003P008R002A015	72057594037934302	0.100633	0.791045
S013C003P008R002A022	72057594037934302	0.115266	0.826531
S013C003P008R002A024	72057594037934302	0.100165	0.890909
S013C003P008R002A028	72057594037934302	0.099684	0.891089
S013C003P008R002A032	72057594037934302	0.102158	0.787234
S013C003P008R002A033	72057594037934302	0.105956	0.750000
S013C003P008R002A034	72057594037934302	0.109806	0.798246
S013C003P008R002A038	72057594037934302	0.107491	0.716418
S013C003P008R002A042	72057594037934302	0.099259	0.706522
S013C003P008R002A048	72057594037934302	0.095007	0.734513
S013C003P017R001A059	72057594037937315	0.061898	0.808219
S013C003P018R001A018	72057594037934315	0.058161	0.900000
S013C003P018R001A020	72057594037934315	0.059221	1.000000
S013C003P018R001A021	72057594037934315	0.074613	1.000000
S013C003P018R001A022	72057594037934315	0.076690	1.000000
S013C003P018R001A023	72057594037934315	0.077848	1.000000
S013C003P018R001A024	72057594037934315	0.078793	1.000000
S013C003P018R001A025	72057594037934315	0.076389	1.000000
S013C003P018R001A026	72057594037934315	0.077206	1.000000
S013C003P018R001A027	72057594037934315	0.077875	1.000000
S013C003P018R001A028	72057594037934315	0.078331	1.000000
S013C003P018R001A029	72057594037934315	0.077557	1.000000
S013C003P018R001A030	72057594037934315	0.071039	1.000000
S013C003P018R001A031	72057594037934315	0.077319	1.000000
S013C003P018R001A032	72057594037934315	0.074615	1.000000
S013C003P018R001A033	72057594037934315	0.084624	1.000000
S013C003P018R001A034	72057594037934315	0.083939	1.000000
S013C003P018R001A035	72057594037934315	0.083582	1.000000
S013C003P018R001A036	72057594037934315	0.082183	1.000000
S013C003P018R001A037	72057594037934315	0.088838	1.000000
S013C003P018R001A038	72057594037934315	0.079110	1.000000
S013C003P018R001A039	72057594037934315	0.082650	1.000000
S013C003P018R001A040	72057594037934315	0.083707	1.000000
S013C003P018R001A041	72057594037934315	0.085006	1.000000
S013C003P018R001A042	72057594037934315	0.086615	1.000000
S013C003P018R001A043	72057594037934315	0.079825	1.000000
S013C003P018R001A044	72057594037934315	0.083106	1.000000
S013C003P018R001A045	72057594037934315	0.083722	1.000000
S013C003P018R001A046	72057594037934315	0.082841	1.000000
S013C003P018R001A047	72057594037934315	0.074394	1.000000
S013C003P018R001A048	72057594037934315	0.088931	1.000000
S013C003P018R001A049	72057594037934315	0.085296	1.000000
S013C003P018R002A030	72057594037934386	0.149104	1.000000
S013C003P018R002A031	72057594037934386	0.133586	1.000000
S013C003P018R002A032	72057594037934386	0.125323	1.000000
S013C003P018R002A033	72057594037934386	0.125645	1.000000
S013C003P018R002A034	72057594037934386	0.116152	1.000000
S013C003P018R002A035	72057594037934386	0.128391	1.000000
S013C003P018R002A036	72057594037934386	0.125715	1.000000
S013C003P018R002A037	72057594037934386	0.123163	1.000000
S013C003P018R002A038	72057594037934386	0.120746	1.000000
S013C003P018R002A039	72057594037934386	0.133825	1.000000
S013C003P018R002A040	72057594037934386	0.122628	1.000000
S013C003P018R002A041	72057594037934386	0.118287	1.000000
S013C003P018R002A042	72057594037934386	0.125483	1.000000
S013C003P018R002A043	72057594037934386	0.121191	1.000000
S013C003P018R002A044	72057594037934386	0.118857	1.000000
S013C003P018R002A045	72057594037934386	0.130230	1.000000
S013C003P018R002A046	72057594037934386	0.126785	1.000000
S013C003P018R002A047	72057594037934386	0.138809	1.000000
S013C003P018R002A048	72057594037934386	0.132729	1.000000
S013C003P018R002A049	72057594037934386	0.116175	1.000000
S014C002P008R001A002	72057594037930606	0.075924	0.985294
S014C002P015R001A001	72057594037932114	0.111485	0.952381
S014C003P025R001A016	72057594037928923	0.103136	1.000000
S014C003P025R001A017	72057594037928923	0.097257	1.000000
S014C003P025R001A018	72057594037928923	0.108316	1.000000
S014C003P025R001A019	72057594037928923	0.116674	1.000000
S014C003P025R001A020	72057594037928923	0.068893	1.000000
S014C003P025R001A021	72057594037928923	0.063796	1.000000
S014C003P025R001A022	72057594037928923	0.082048	1.000000
S014C003P025R001A023	72057594037928923	0.088876	1.000000
S014C003P025R001A024	72057594037928923	0.087433	1.000000
S014C003P025R001A025	72057594037928923	0.083470	1.000000
S014C003P025R001A026	72057594037928923	0.082116	1.000000
S014C003P025R001A027	72057594037928923	0.098201	1.000000
S014C003P025R001A028	72057594037928923	0.102018	1.000000
S014C003P025R001A029	72057594037928923	0.101517	1.000000
S014C003P025R001A030	72057594037928923	0.106525	1.000000
S014C003P025R001A031	72057594037928923	0.092062	1.000000
S014C003P025R001A032	72057594037928923	0.110778	1.000000
S014C003P025R001A033	72057594037928923	0.100799	1.000000
S014C003P025R001A034	72057594037928923	0.100397	1.000000
S014C003P025R001A035	72057594037928923	0.094904	1.000000
S014C003P025R001A036	72057594037928923	0.105927	1.000000
S014C003P025R001A037	72057594037928923	0.110271	1.000000
S014C003P025R001A038	72057594037928923	0.106725	1.000000
S014C003P025R001A039	72057594037928923	0.111345	1.000000
S014C003P025R001A040	72057594037928923	0.095101	1.000000
S014C003P025R001A041	72057594037928923	0.085211	1.000000
S014C003P025R001A042	72057594037928923	0.093051	1.000000
S014C003P025R001A043	72057594037928923	0.096128	1.000000
S014C003P025R001A044	72057594037928923	0.089923	1.000000
S014C003P025R001A045	72057594037928923	0.087360	1.000000
S014C003P025R001A046	72057594037928923	0.086312	1.000000
S014C003P025R001A047	72057594037928923	0.085420	1.000000
S014C003P025R001A049	72057594037928923	0.076879	1.000000
S014C003P025R001A050	72057594037928923	0.088997	1.000000
S014C003P025R001A051	72057594037928923	0.095448	1.000000
S014C003P025R001A052	72057594037928923	0.097885	1.000000
S014C003P025R001A053	72057594037928923	0.105345	1.000000
S014C003P025R001A054	72057594037928923	0.105137	1.000000
S014C003P025R001A055	72057594037928923	0.107903	1.000000
S014C003P025R001A056	72057594037928923	0.087397	1.000000
S014C003P025R001A057	72057594037928923	0.039195	1.000000
S014C003P025R001A058	72057594037928923	0.095793	1.000000
S014C003P025R001A059	72057594037928923	0.067854	1.000000
S014C003P025R001A060	72057594037928923	0.098095	1.000000
S014C003P025R002A001	72057594037928923	0.103836	1.000000
S014C003P025R002A002	72057594037928923	0.101800	1.000000
S014C003P025R002A003	72057594037928923	0.118924	1.000000
S014C003P025R002A004	72057594037928923	0.118539	1.000000
S014C003P025R002A005	72057594037928923	0.099482	1.000000
S014C003P025R002A006	72057594037928923	0.092753	1.000000
S014C003P025R002A007	72057594037928923	0.107094	1.000000
S014C003P025R002A008	72057594037928923	0.101352	1.000000
S014C003P025R002A009	72057594037928923	0.107067	1.000000
S014C003P025R002A010	72057594037928923	0.094306	1.000000
S014C003P027R002A008	72057594037933003	0.075879	0.948276
S015C001P015R002A043	72057594037931729	0.126455	0.913793
S015C001P015R002A044	72057594037931729	0.101766	0.987654
S015C001P015R002A045	72057594037931729	0.097898	1.000000
S015C001P015R002A046	72057594037931729	0.097571	1.000000
S015C001P015R002A047	72057594037931729	0.092153	1.000000
S015C001P015R002A048	72057594037931729	0.084749	0.911392
S015C001P015R002A049	72057594037931729	0.085894	0.983333
S015C001P025R002A050	72057594037929455	0.165997	0.901639
S015C001P025R002A059	72057594037929689	0.110948	1.000000
S015C001P025R002A060	72057594037929689	0.110090	1.000000
S015C003P016R002A008	72057594037932964	0.121493	0.769231
S015C003P017R002A059	72057594037932774	0.078483	1.000000
S015C003P017R002A060	72057594037932774	0.078588	1.000000
S015C003P019R001A001	72057594037930301	0.115758	1.000000
S015C003P019R001A002	72057594037930301	0.121122	1.000000
S015C003P019R001A003	72057594037930301	0.131291	0.992248
S015C003P019R001A004	72057594037930301	0.120077	1.000000
S015C003P019R001A005	72057594037930301	0.119428	1.000000
S015C003P019R001A006	72057594037930301	0.116377	1.000000
S015C003P019R001A007	72057594037930301	0.112780	1.000000
S015C003P019R001A008	72057594037930301	0.122435	1.000000
S015C003P019R001A009	72057594037930301	0.111750	1.000000
S015C003P019R001A010	72057594037930301	0.110798	1.000000
S015C003P025R001A050	72057594037930301	0.122420	1.000000
S015C003P025R001A051	72057594037930301	0.120756	1.000000
S015C003P025R001A052	72057594037930301	0.110472	1.000000
S015C003P025R001A053	72057594037930301	0.111096	1.000000
S015C003P025R001A054	72057594037930301	0.133338	1.000000
S015C003P025R001A055	72057594037930301	0.137743	1.000000
S015C003P025R001A056	72057594037930301	0.129753	1.000000
S015C003P025R001A057	72057594037930301	0.130474	0.978022
S015C003P025R001A058	72057594037930301	0.117609	1.000000
S015C003P025R001A059	72057594037930301	0.117113	0.989247
S015C003P025R001A060	72057594037930301	0.117228	1.000000
S015C003P025R002A001	72057594037930301	0.119952	1.000000
S015C003P025R002A002	72057594037930301	0.118059	1.000000
S015C003P025R002A003	72057594037930301	0.124034	1.000000
S015C003P025R002A004	72057594037930301	0.132755	1.000000
S015C003P025R002A005	72057594037930301	0.115676	1.000000
S015C003P025R002A006	72057594037930301	0.124526	1.000000
S015C003P025R002A007	72057594037930301	0.124440	1.000000
S015C003P025R002A008	72057594037930301	0.113591	1.000000
S015C003P025R002A009	72057594037930301	0.126940	0.986486
S015C003P025R002A010	72057594037930301	0.111834	1.000000
S015C003P025R002A011	72057594037930301	0.114193	1.000000
S015C003P025R002A013	72057594037930301	0.112650	1.000000
S015C003P025R002A014	72057594037930301	0.115592	1.000000
S015C003P025R002A015	72057594037930301	0.115777	1.000000
S015C003P025R002A016	72057594037930301	0.133746	1.000000
S015C003P025R002A018	72057594037930301	0.115896	1.000000
S015C003P025R002A019	72057594037930301	0.119063	1.000000
S015C003P025R002A022	72057594037930301	0.115093	1.000000
S015C003P025R002A023	72057594037930301	0.122831	1.000000
S015C003P025R002A024	72057594037930301	0.122376	1.000000
S015C003P025R002A025	72057594037930301	0.129539	1.000000
S015C003P025R002A026	72057594037930301	0.126311	1.000000
S015C003P025R002A027	72057594037930301	0.127228	1.000000
S015C003P025R002A028	72057594037930301	0.117516	1.000000
S015C003P025R002A029	72057594037930301	0.115111	1.000000
S015C003P025R002A031	72057594037930301	0.113888	1.000000
S015C003P025R002A032	72057594037930301	0.112772	1.000000
S015C003P025R002A035	72057594037930301	0.116919	1.000000
S015C003P025R002A038	72057594037930301	0.117898	1.000000
S015C003P025R002A039	72057594037930301	0.111433	1.000000
S015C003P025R002A040	72057594037930301	0.118204	1.000000
S015C003P025R002A041	72057594037930301	0.104366	1.000000
S015C003P025R002A042	72057594037930301	0.106805	1.000000
S015C003P025R002A043	72057594037930301	0.113022	1.000000
S015C003P025R002A045	72057594037930301	0.103783	1.000000
S015C003P025R002A046	72057594037930301	0.150938	1.000000
S015C003P025R002A047	72057594037930301	0.130475	1.000000
S015C003P025R002A048	72057594037930301	0.116084	0.990654
S015C003P025R002A049	72057594037930301	0.114783	1.000000
S015C003P025R002A050	72057594037930301	0.120640	1.000000
S015C003P025R002A051	72057594037930301	0.112921	1.000000
S015C003P025R002A052	72057594037930301	0.124619	1.000000
S015C003P025R002A053	72057594037930301	0.113478	1.000000
S015C003P025R002A054	72057594037930301	0.106121	1.000000
S015C003P025R002A055	72057594037930301	0.110591	1.000000
S015C003P025R002A056	72057594037930301	0.114117	1.000000
S015C003P025R002A057	72057594037930301	0.144638	1.000000
S015C003P025R002A058	72057594037930301	0.119020	1.000000
S015C003P025R002A059	72057594037930301	0.106284	1.000000
S015C003P025R002A060	72057594037930301	0.120406	1.000000
S016C001P007R001A010	72057594037933896	0.049026	0.976744
S016C001P007R001A011	72057594037933896	0.057319	0.904762
S016C001P007R001A012	72057594037933896	0.046697	1.000000
S016C001P007R001A013	72057594037933896	0.048866	0.988095
S016C001P007R001A014	72057594037933896	0.055819	1.000000
S016C001P007R001A015	72057594037933896	0.052512	1.000000
S016C001P007R001A016	72057594037933896	0.049463	1.000000
S016C001P007R001A017	72057594037933896	0.044618	1.000000
S016C001P007R001A018	72057594037933896	0.046594	1.000000
S016C001P007R001A019	72057594037933896	0.046560	1.000000
S016C001P007R001A020	72057594037933896	0.056073	1.000000
S016C001P007R001A021	72057594037933896	0.051883	1.000000
S016C001P007R001A022	72057594037933896	0.040103	1.000000
S016C001P007R001A023	72057594037933896	0.043720	1.000000
S016C001P007R001A024	72057594037933896	0.058669	1.000000
S016C001P007R001A025	72057594037933896	0.041455	1.000000
S016C001P007R001A026	72057594037933896	0.046338	1.000000
S016C001P007R001A027	72057594037933896	0.041611	1.000000
S016C001P007R001A028	72057594037933896	0.047050	1.000000
S016C001P007R001A029	72057594037933896	0.045946	1.000000
S016C001P007R001A030	72057594037933896	0.044692	1.000000
S016C001P007R001A031	72057594037933896	0.044412	1.000000
S016C001P007R001A032	72057594037933896	0.045748	0.884615
S016C001P007R001A033	72057594037933896	0.056026	1.000000
S016C001P007R001A034	72057594037933896	0.045240	1.000000
S016C001P007R001A035	72057594037933896	0.053471	1.000000
S016C001P007R001A036	72057594037933896	0.052600	1.000000
S016C001P007R001A037	72057594037933896	0.044005	1.000000
S016C001P007R001A038	72057594037933896	0.040459	1.000000
S016C001P007R001A039	72057594037933896	0.049036	1.000000
S016C001P007R001A040	72057594037933896	0.047160	1.000000
S016C001P007R001A041	72057594037933896	0.049732	1.000000
S016C001P007R001A042	72057594037933896	0.045009	1.000000
S016C001P007R001A043	72057594037933896	0.045637	1.000000
S016C001P007R001A044	72057594037933896	0.049191	1.000000
S016C001P007R001A045	72057594037933896	0.047434	1.000000
S016C001P007R001A046	72057594037933896	0.046064	1.000000
S016C001P007R001A047	72057594037933896	0.047729	1.000000
S016C001P007R001A048	72057594037933896	0.049301	1.000000
S016C001P007R001A049	72057594037933896	0.040491	1.000000
S016C001P007R002A001	72057594037933896	0.048656	1.000000
S016C001P007R002A002	72057594037933896	0.040230	1.000000
S016C001P007R002A003	72057594037933896	0.043270	1.000000
S016C001P007R002A004	72057594037933896	0.045033	1.000000
S016C001P007R002A005	72057594037933896	0.044193	1.000000
S016C001P007R002A006	72057594037933896	0.044271	1.000000
S016C001P007R002A007	72057594037933896	0.046349	1.000000
S016C001P008R002A011	72057594037934861	0.108758	1.000000
S016C001P008R002A012	72057594037934861	0.098931	0.974522
S016C001P008R002A013	72057594037934861	0.102535	0.993590
S016C001P008R002A034	72057594037934861	0.104659	0.969697
S016C001P008R002A035	72057594037934861	0.100168	0.700000
S016C001P025R001A051	72057594037932274	0.044899	1.000000
S016C001P025R001A052	72057594037932274	0.043733	1.000000
S016C001P025R001A053	72057594037932274	0.045644	1.000000
S016C001P025R001A054	72057594037932274	0.046396	1.000000
S016C001P025R001A055	72057594037932274	0.045873	0.984127
S016C001P025R001A056	72057594037932274	0.046279	1.000000
S016C001P025R001A057	72057594037932274	0.047841	1.000000
S016C001P025R001A058	72057594037932274	0.046035	1.000000
S016C003P007R002A010	72057594037932623	0.086779	0.862500
S016C003P007R002A011	72057594037932623	0.093022	1.000000
S016C003P007R002A012	72057594037932623	0.080587	0.993789
S016C003P007R002A013	72057594037932623	0.083086	1.000000
S016C003P007R002A014	72057594037932623	0.075593	0.980892
S016C003P007R002A015	72057594037932623	0.070452	0.892308
S016C003P007R002A016	72057594037932623	0.067722	0.924242
S016C003P007R002A017	72057594037932623	0.072074	0.967033
S016C003P007R002A018	72057594037932623	0.069625	0.942029
S016C003P007R002A019	72057594037932623	0.066287	0.882353
S016C003P007R002A020	72057594037932623	0.080775	1.000000
S016C003P007R002A021	72057594037932623	0.077038	1.000000
S016C003P007R002A022	72057594037932623	0.079431	1.000000
S016C003P007R002A023	72057594037932623	0.082329	1.000000
S016C003P007R002A024	72057594037932623	0.075179	1.000000
S016C003P007R002A025	72057594037932623	0.078649	1.000000
S016C003P007R002A026	72057594037932623	0.078428	0.980769
S016C003P007R002A027	72057594037932623	0.073663	0.983607
S016C003P007R002A028	72057594037932623	0.083099	1.000000
S016C003P007R002A029	72057594037932623	0.075170	0.991935
S016C003P007R002A030	72057594037932623	0.078092	1.000000
S016C003P007R002A031	72057594037932623	0.079043	1.000000
S016C003P007R002A032	72057594037932623	0.089085	1.000000
S016C003P007R002A033	72057594037932623	0.079171	1.000000
S016C003P007R002A034	72057594037932623	0.077103	0.962025
S016C003P007R002A035	72057594037932623	0.077309	1.000000
S016C003P007R002A036	72057594037932623	0.074399	1.000000
S016C003P007R002A037	72057594037932623	0.077394	1.000000
S016C003P007R002A038	72057594037932623	0.077915	1.000000
S016C003P007R002A039	72057594037932623	0.075700	1.000000
S016C003P007R002A040	72057594037932623	0.076771	1.000000
S016C003P007R002A041	72057594037932623	0.077407	0.988095
S016C003P007R002A042	72057594037932623	0.076713	1.000000
S016C003P007R002A043	72057594037932623	0.077273	1.000000
S016C003P007R002A044	72057594037932623	0.074543	1.000000
S016C003P007R002A045	72057594037932623	0.079478	1.000000
S016C003P007R002A046	72057594037932623	0.074721	1.000000
S016C003P007R002A047	72057594037932623	0.072971	0.991150
S016C003P007R002A048	72057594037932623	0.080517	1.000000
S016C003P007R002A049	72057594037932623	0.075760	1.000000
S016C003P008R001A001	72057594037932791	0.084406	1.000000
S016C003P008R001A001	72057594037932623	0.071075	1.000000
S016C003P008R001A002	72057594037932791	0.076418	1.000000
S016C003P008R001A002	72057594037932623	0.083162	1.000000
S016C003P008R001A003	72057594037932791	0.080225	1.000000
S016C003P008R001A003	72057594037932623	0.080104	1.000000
S016C003P008R001A004	72057594037932791	0.080228	1.000000
S016C003P008R001A004	72057594037932623	0.078356	1.000000
S016C003P008R001A005	72057594037932791	0.076375	1.000000
S016C003P008R001A005	72057594037932623	0.079786	1.000000
S016C003P008R001A006	72057594037932791	0.065690	1.000000
S016C003P008R001A006	72057594037932623	0.078570	1.000000
S016C003P008R001A007	72057594037932791	0.087288	1.000000
S016C003P008R001A007	72057594037932623	0.078185	1.000000
S016C003P008R001A008	72057594037932791	0.069658	0.842857
S016C003P008R001A009	72057594037932791	0.084190	1.000000
S016C003P008R001A010	72057594037932791	0.071289	0.910256
S016C003P008R001A013	72057594037932791	0.068151	0.936937
S016C003P008R001A014	72057594037932791	0.059241	0.993333
S016C003P008R001A015	72057594037932791	0.083460	1.000000
S016C003P008R001A016	72057594037932791	0.081769	1.000000
S016C003P008R001A017	72057594037932791	0.050762	1.000000
S016C003P008R001A018	72057594037932791	0.078773	1.000000
S016C003P008R001A019	72057594037932791	0.070559	1.000000
S016C003P008R001A020	72057594037932791	0.091545	1.000000
S016C003P008R001A021	72057594037932791	0.097833	1.000000
S016C003P008R001A022	72057594037932791	0.128104	1.000000
S016C003P008R001A023	72057594037932791	0.102940	1.000000
S016C003P008R001A024	72057594037932791	0.088046	0.982143
S016C003P008R001A025	72057594037932791	0.072254	1.000000
S016C003P008R001A026	72057594037932791	0.057304	1.000000
S016C003P008R001A027	72057594037932791	0.049347	1.000000
S016C003P008R001A028	72057594037932791	0.090793	1.000000
S016C003P008R001A029	72057594037932791	0.093521	1.000000
S016C003P008R001A030	72057594037932791	0.091248	1.000000
S016C003P008R001A031	72057594037932791	0.086521	1.000000
S016C003P008R001A032	72057594037932791	0.092500	1.000000
S016C003P008R001A033	72057594037932791	0.078044	1.000000
S016C003P008R001A034	72057594037932791	0.084164	1.000000
S016C003P008R001A035	72057594037932791	0.087391	1.000000
S016C003P008R001A036	72057594037932791	0.100626	1.000000
S016C003P008R001A037	72057594037932791	0.109498	1.000000
S016C003P008R001A038	72057594037932791	0.089736	1.000000
S016C003P008R001A039	72057594037932791	0.087909	1.000000
S016C003P008R001A040	72057594037932791	0.071499	1.000000
S016C003P008R001A041	72057594037932791	0.088137	1.000000
S016C003P008R001A042	72057594037932791	0.091579	1.000000
S016C003P008R001A043	72057594037932791	0.093629	1.000000
S016C003P008R001A044	72057594037932791	0.100167	1.000000
S016C003P008R001A045	72057594037932791	0.089716	1.000000
S016C003P008R001A046	72057594037932791	0.068597	0.990385
S016C003P008R001A047	72057594037932791	0.090329	1.000000
S016C003P008R001A048	72057594037932791	0.102498	1.000000
S016C003P008R001A049	72057594037932791	0.096568	1.000000
S016C003P008R002A001	72057594037932791	0.061082	1.000000
S016C003P008R002A005	72057594037932791	0.075501	1.000000
S016C003P008R002A007	72057594037932791	0.095878	1.000000
S016C003P008R002A008	72057594037932791	0.091808	0.974359
S016C003P008R002A010	72057594037932791	0.086926	1.000000
S016C003P008R002A011	72057594037932791	0.073790	1.000000
S016C003P008R002A012	72057594037932791	0.080406	1.000000
S016C003P008R002A013	72057594037932791	0.087214	1.000000
S016C003P008R002A014	72057594037932791	0.105039	1.000000
S016C003P008R002A015	72057594037932791	0.075749	1.000000
S016C003P008R002A016	72057594037932791	0.093398	1.000000
S016C003P008R002A016	72057594037933040	0.089154	1.000000
S016C003P008R002A017	72057594037932791	0.070240	1.000000
S016C003P008R002A017	72057594037933040	0.090695	1.000000
S016C003P008R002A018	72057594037932791	0.096759	1.000000
S016C003P008R002A019	72057594037932791	0.102961	1.000000
S016C003P008R002A020	72057594037932791	0.076139	1.000000
S016C003P008R002A021	72057594037932791	0.108232	1.000000
S016C003P008R002A022	72057594037932791	0.100573	1.000000
S016C003P008R002A023	72057594037932791	0.075391	1.000000
S016C003P008R002A024	72057594037932791	0.061562	1.000000
S016C003P008R002A025	72057594037932791	0.096397	1.000000
S016C003P008R002A026	72057594037932791	0.082689	1.000000
S016C003P008R002A027	72057594037932791	0.073799	1.000000
S016C003P008R002A028	72057594037932791	0.073382	1.000000
S016C003P008R002A029	72057594037932791	0.083209	1.000000
S016C003P008R002A030	72057594037932791	0.087465	1.000000
S016C003P008R002A031	72057594037932791	0.078474	1.000000
S016C003P008R002A032	72057594037932791	0.090520	1.000000
S016C003P008R002A033	72057594037932791	0.103993	1.000000
S016C003P008R002A034	72057594037932791	0.081459	1.000000
S016C003P008R002A035	72057594037932791	0.078124	1.000000
S016C003P008R002A036	72057594037932791	0.100246	1.000000
S016C003P008R002A037	72057594037932791	0.092121	1.000000
S016C003P008R002A038	72057594037932791	0.116116	1.000000
S016C003P008R002A039	72057594037932791	0.095597	1.000000
S016C003P008R002A040	72057594037932791	0.088578	1.000000
S016C003P008R002A041	72057594037932791	0.110195	1.000000
S016C003P008R002A042	72057594037932791	0.113230	1.000000
S016C003P008R002A043	72057594037932791	0.074565	1.000000
S016C003P008R002A044	72057594037932791	0.099885	1.000000
S016C003P008R002A045	72057594037932791	0.086727	1.000000
S016C003P008R002A046	72057594037932791	0.071999	1.000000
S016C003P008R002A047	72057594037932791	0.104727	1.000000
S016C003P008R002A048	72057594037932791	0.102978	1.000000
S016C003P008R002A049	72057594037932791	0.086219	1.000000
S016C003P039R001A001	72057594037928910	0.093171	0.989474
S016C003P039R001A002	72057594037928910	0.122758	1.000000
S016C003P039R001A003	72057594037928910	0.088765	1.000000
S016C003P039R001A004	72057594037928910	0.075181	1.000000
S016C003P039R001A005	72057594037928910	0.137718	1.000000
S016C003P039R001A006	72057594037928910	0.068831	1.000000
S016C003P039R001A007	72057594037928910	0.119544	1.000000
S016C003P039R001A008	72057594037928910	0.096553	1.000000
S016C003P039R001A009	72057594037928910	0.094209	1.000000
S016C003P039R001A010	72057594037928910	0.085527	1.000000
S016C003P039R001A011	72057594037928910	0.069148	0.923913
S016C003P039R001A012	72057594037928910	0.098766	1.000000
S016C003P039R001A013	72057594037928910	0.071834	1.000000
S016C003P039R001A014	72057594037928910	0.112418	1.000000
S016C003P039R001A015	72057594037928910	0.114009	1.000000
S016C003P039R001A016	72057594037928910	0.094982	1.000000
S016C003P039R001A017	72057594037928910	0.099123	1.000000
S016C003P039R001A018	72057594037928910	0.097854	1.000000
S016C003P039R001A019	72057594037928910	0.098925	1.000000
S016C003P039R001A020	72057594037928910	0.095737	1.000000
S016C003P039R001A021	72057594037928910	0.113718	1.000000
S016C003P039R001A022	72057594037928910	0.087639	1.000000
S016C003P039R001A023	72057594037928910	0.070154	1.000000
S016C003P039R001A024	72057594037928910	0.095429	1.000000
S016C003P039R001A025	72057594037928910	0.096385	0.985714
S016C003P039R001A026	72057594037928910	0.095540	1.000000
S016C003P039R001A027	72057594037928910	0.062325	0.984127
S016C003P039R001A028	72057594037928910	0.089775	0.985075
S016C003P039R001A029	72057594037928910	0.081215	1.000000
S016C003P039R001A030	72057594037928910	0.079694	0.983607
S016C003P039R001A031	72057594037928910	0.064974	1.000000
S016C003P039R001A032	72057594037928910	0.083259	1.000000
S016C003P039R001A033	72057594037928910	0.098942	1.000000
S016C003P039R001A034	72057594037928910	0.088535	1.000000
S016C003P039R001A035	72057594037928910	0.075556	1.000000
S016C003P039R001A036	72057594037928910	0.063193	1.000000
S016C003P039R001A037	72057594037928910	0.083290	1.000000
S016C003P039R001A038	72057594037928910	0.090086	1.000000
S016C003P039R001A039	72057594037928910	0.077704	1.000000
S016C003P039R001A040	72057594037928910	0.074681	1.000000
S016C003P039R001A041	72057594037928910	0.064025	1.000000
S016C003P039R001A042	72057594037928910	0.098444	1.000000
S016C003P039R001A043	72057594037928910	0.059201	1.000000
S016C003P039R001A044	72057594037928910	0.059894	1.000000
S016C003P039R001A045	72057594037928910	0.077498	1.000000
S016C003P039R001A046	72057594037928910	0.076452	1.000000
S016C003P039R001A047	72057594037928910	0.066367	1.000000
S016C003P039R001A048	72057594037928910	0.077295	1.000000
S016C003P039R001A049	72057594037928910	0.089591	1.000000
S016C003P039R001A050	72057594037928910	0.087572	1.000000
S016C003P039R001A051	72057594037928910	0.298757	0.976190
S016C003P039R001A052	72057594037928910	0.110246	1.000000
S016C003P039R001A053	72057594037928910	0.076841	1.000000
S016C003P039R001A054	72057594037928910	0.077355	1.000000
S016C003P039R001A055	72057594037928910	0.065153	0.983333
S016C003P039R001A056	72057594037928910	0.087923	1.000000
S016C003P039R001A057	72057594037928910	0.085912	1.000000
S016C003P039R001A058	72057594037928910	0.091473	1.000000
S016C003P039R001A059	72057594037928910	0.078733	1.000000
S016C003P039R001A060	72057594037928910	0.061582	0.989583
S016C003P039R002A001	72057594037928910	0.077255	1.000000
S016C003P039R002A002	72057594037928910	0.067891	1.000000
S016C003P039R002A003	72057594037928910	0.091182	1.000000
S016C003P039R002A004	72057594037928910	0.057207	1.000000
S016C003P039R002A005	72057594037928910	0.083715	1.000000
S016C003P039R002A006	72057594037928910	0.101246	1.000000
S016C003P039R002A007	72057594037928910	0.090369	1.000000
S016C003P039R002A008	72057594037928910	0.117361	1.000000
S016C003P039R002A009	72057594037928910	0.135140	1.000000
S016C003P039R002A010	72057594037928910	0.129744	1.000000
S016C003P039R002A011	72057594037928910	0.091731	1.000000
S016C003P039R002A012	72057594037928910	0.098573	1.000000
S016C003P039R002A013	72057594037928910	0.080930	1.000000
S016C003P039R002A014	72057594037928910	0.093386	1.000000
S016C003P039R002A015	72057594037928910	0.084430	0.972727
S016C003P039R002A017	72057594037928910	0.087652	0.988889
S016C003P039R002A018	72057594037928910	0.105267	1.000000
S016C003P040R001A038	72057594037928910	0.121275	1.000000
S016C003P040R001A039	72057594037928910	0.096566	1.000000
S016C003P040R001A040	72057594037928910	0.113635	1.000000
S016C003P040R001A041	72057594037928910	0.088411	1.000000
S016C003P040R001A042	72057594037928910	0.070588	0.992248
S016C003P040R001A043	72057594037928910	0.095907	1.000000
S016C003P040R001A044	72057594037928910	0.103255	1.000000
S016C003P040R001A045	72057594037928910	0.104554	1.000000
S016C003P040R001A046	72057594037928910	0.124733	0.988372
S016C003P040R001A047	72057594037928910	0.121651	1.000000
S016C003P040R001A048	72057594037928910	0.082180	1.000000
S016C003P040R001A049	72057594037928910	0.103348	1.000000
S016C003P040R001A050	72057594037928910	0.112720	1.000000
S016C003P040R001A051	72057594037928910	0.105664	1.000000
S016C003P040R001A052	72057594037928910	0.099233	1.000000
S016C003P040R001A053	72057594037928910	0.103700	0.980769
S016C003P040R001A054	72057594037928910	0.095830	1.000000
S016C003P040R001A055	72057594037928910	0.102497	1.000000
S016C003P040R001A056	72057594037928910	0.104752	0.897436
S016C003P040R001A057	72057594037928910	0.109449	0.818182
S016C003P040R001A058	72057594037928910	0.081999	1.000000
S016C003P040R001A059	72057594037928910	0.097313	1.000000
S016C003P040R001A060	72057594037928910	0.112238	1.000000
S016C003P040R002A001	72057594037928910	0.107084	0.990000
S016C003P040R002A002	72057594037928910	0.156833	1.000000
S016C003P040R002A003	72057594037928910	0.152177	1.000000
S016C003P040R002A004	72057594037928910	0.107806	1.000000
S016C003P040R002A005	72057594037928910	0.113330	1.000000
S016C003P040R002A006	72057594037928910	0.105944	1.000000
S016C003P040R002A007	72057594037928910	0.111399	1.000000
S016C003P040R002A008	72057594037928910	0.115505	1.000000
S016C003P040R002A009	72057594037928910	0.115071	1.000000
S016C003P040R002A010	72057594037928910	0.114091	1.000000
S016C003P040R002A011	72057594037928910	0.107537	0.978723
S016C003P040R002A012	72057594037928910	0.111690	1.000000
S016C003P040R002A013	72057594037928910	0.112913	1.000000
S016C003P040R002A014	72057594037928910	0.107758	1.000000
S016C003P040R002A015	72057594037928910	0.108676	1.000000
S016C003P040R002A016	72057594037928910	0.107652	1.000000
S016C003P040R002A017	72057594037928910	0.114553	1.000000
S016C003P040R002A018	72057594037928910	0.098421	0.818182
S016C003P040R002A019	72057594037928910	0.109356	1.000000
S016C003P040R002A020	72057594037928910	0.105380	0.882353
S016C003P040R002A021	72057594037928910	0.110202	1.000000
S016C003P040R002A022	72057594037928910	0.112031	1.000000
S016C003P040R002A023	72057594037928910	0.077720	1.000000
S016C003P040R002A024	72057594037928910	0.107440	1.000000
S016C003P040R002A025	72057594037928910	0.100448	1.000000
S016C003P040R002A026	72057594037928910	0.108815	1.000000
S016C003P040R002A027	72057594037928910	0.085547	1.000000
S016C003P040R002A028	72057594037928910	0.079588	1.000000
S016C003P040R002A029	72057594037928910	0.087490	1.000000
S016C003P040R002A030	72057594037928910	0.123963	0.990991
S016C003P040R002A031	72057594037928910	0.124113	1.000000
S016C003P040R002A032	72057594037928910	0.105852	1.000000
S016C003P040R002A033	72057594037928910	0.106248	1.000000
S016C003P040R002A034	72057594037928910	0.101774	1.000000
S016C003P040R002A035	72057594037928910	0.085786	1.000000
S016C003P040R002A036	72057594037928910	0.090900	1.000000
S016C003P040R002A037	72057594037928910	0.076741	1.000000
S016C003P040R002A038	72057594037928910	0.075367	1.000000
S016C003P040R002A039	72057594037928910	0.079811	1.000000
S016C003P040R002A040	72057594037928910	0.097020	1.000000
S016C003P040R002A041	72057594037928910	0.092465	1.000000
S016C003P040R002A042	72057594037928910	0.098634	1.000000
S016C003P040R002A043	72057594037928910	0.098886	1.000000
S016C003P040R002A044	72057594037928910	0.098809	1.000000
S016C003P040R002A045	72057594037928910	0.079472	0.985507
S016C003P040R002A046	72057594037928910	0.070752	1.000000
S016C003P040R002A047	72057594037928910	0.095788	1.000000
S016C003P040R002A048	72057594037928910	0.094787	1.000000
S016C003P040R002A049	72057594037928910	0.075722	1.000000
S016C003P040R002A050	72057594037928910	0.070201	1.000000
S016C003P040R002A051	72057594037928910	0.114295	1.000000
S016C003P040R002A052	72057594037928910	0.102748	1.000000
S016C003P040R002A053	72057594037928910	0.062151	1.000000
S016C003P040R002A054	72057594037928910	0.089201	1.000000
S016C003P040R002A055	72057594037928910	0.056962	1.000000
S016C003P040R002A056	72057594037928910	0.084019	1.000000
S016C003P040R002A057	72057594037928910	0.064244	1.000000
S016C003P040R002A058	72057594037928910	0.071758	1.000000
S016C003P040R002A059	72057594037928910	0.087241	1.000000
S016C003P040R002A060	72057594037928910	0.106552	1.000000
S017C001P009R002A052	72057594037940200	0.088928	0.981132
S017C001P009R002A053	72057594037940200	0.086322	1.000000
S017C001P009R002A054	72057594037940200	0.066681	0.956522
S017C001P009R002A055	72057594037940200	0.081893	0.982456
S017C001P009R002A057	72057594037940200	0.086172	1.000000
S017C001P009R002A058	72057594037940200	0.092225	1.000000
S017C002P015R001A043	72057594037940556	0.117543	1.000000
S017C002P015R001A044	72057594037940556	0.121652	1.000000
S017C002P015R001A045	72057594037940556	0.118871	1.000000
S017C002P015R001A046	72057594037940556	0.120914	1.000000
S017C002P015R001A047	72057594037940556	0.123780	1.000000
S017C002P015R001A048	72057594037940556	0.107254	1.000000
S017C002P015R001A049	72057594037940556	0.110037	1.000000
S017C002P015R001A050	72057594037940556	0.111710	1.000000
S017C002P015R001A051	72057594037940556	0.114027	1.000000
S017C002P015R001A052	72057594037940556	0.106260	1.000000
S017C002P015R001A053	72057594037940556	0.104293	1.000000
S017C002P015R001A054	72057594037940556	0.115597	1.000000
S017C002P015R001A055	72057594037940556	0.107920	1.000000
S017C002P015R001A056	72057594037940556	0.109251	1.000000
S017C002P015R001A057	72057594037940556	0.109294	1.000000
S017C002P015R001A058	72057594037940556	0.107478	1.000000
S017C002P016R001A057	72057594037941017	0.122873	1.000000
S017C003P007R002A059	72057594037935496	4.076934	1.000000
S017C003P008R002A057	72057594037940462	0.102151	1.000000
S017C003P008R002A059	72057594037940462	0.059321	1.000000
S017C003P008R002A060	72057594037940462	0.099605	1.000000
S017C003P015R002A013	72057594037939303	0.105311	1.000000
S017C003P015R002A014	72057594037939303	0.117594	1.000000
S017C003P015R002A015	72057594037939303	0.101513	1.000000
S017C003P015R002A016	72057594037939303	0.091084	0.756098
S017C003P015R002A024	72057594037939303	0.082623	1.000000
S017C003P015R002A025	72057594037939303	0.124989	0.988095
S017C003P015R002A026	72057594037939303	0.122448	0.956044
S017C003P015R002A027	72057594037939303	0.111295	1.000000
S017C003P015R002A028	72057594037939303	0.110598	1.000000
S017C003P015R002A029	72057594037939303	0.114239	1.000000
S017C003P015R002A030	72057594037939303	0.102801	1.000000
S017C003P015R002A031	72057594037939303	0.114207	1.000000
S017C003P015R002A032	72057594037939303	0.121720	1.000000
S017C003P015R002A033	72057594037939303	0.122324	1.000000
S017C003P015R002A034	72057594037939303	0.120782	1.000000
S017C003P015R002A035	72057594037939303	0.123045	1.000000
S017C003P015R002A036	72057594037939303	0.127587	1.000000
S017C003P015R002A037	72057594037939303	0.123976	1.000000
S017C003P015R002A038	72057594037939303	0.124962	1.000000
S017C003P015R002A039	72057594037939303	0.124308	1.000000
S017C003P015R002A040	72057594037939303	0.119735	1.000000
S017C003P015R002A041	72057594037939303	0.123958	1.000000
S017C003P015R002A042	72057594037939303	0.121675	1.000000
S017C003P015R002A043	72057594037939303	0.129954	1.000000
S017C003P015R002A044	72057594037939303	0.117119	1.000000
S017C003P015R002A045	72057594037939303	0.110569	1.000000
S017C003P015R002A046	72057594037939303	0.118008	0.982143
S017C003P015R002A047	72057594037939303	0.115029	1.000000
S017C003P015R002A048	72057594037939303	0.120383	1.000000
S017C003P015R002A049	72057594037939303	0.121995	1.000000
S017C003P015R002A050	72057594037939303	0.116480	1.000000
S017C003P015R002A051	72057594037939303	0.119173	1.000000
S017C003P015R002A052	72057594037939303	0.125391	1.000000
S017C003P015R002A053	72057594037939303	0.120129	1.000000
S017C003P015R002A054	72057594037939303	0.124943	1.000000
S017C003P015R002A055	72057594037939303	0.127055	1.000000
S017C003P015R002A056	72057594037939303	0.141595	1.000000
S017C003P015R002A057	72057594037939303	0.119685	0.983871
S017C003P015R002A058	72057594037939303	0.110922	1.000000
S017C003P016R001A053	72057594037939484	0.057617	1.000000
S017C003P016R001A054	72057594037939484	0.044200	1.000000
S017C003P016R001A055	72057594037939484	0.056156	1.000000
S017C003P016R001A056	72057594037939484	0.052500	1.000000
S017C003P016R001A057	72057594037939484	0.053741	1.000000
S017C003P016R001A058	72057594037939484	0.052429	1.000000
S017C003P017R002A010	72057594037938774	0.087143	1.000000
S017C003P017R002A011	72057594037938774	0.080299	1.000000
S017C003P017R002A012	72057594037938774	0.081537	1.000000
S017C003P017R002A013	72057594037938774	0.087556	1.000000
      Skeleton      	     bodyID      	 Motion 	  Rate  
